[debug] [2019-01-07T11:13:47.041Z] ----------------------------------------------------------------------
[debug] [2019-01-07T11:13:47.045Z] Command:       /usr/local/Cellar/node/11.1.0/bin/node /usr/local/bin/firebase serve --only functions
[debug] [2019-01-07T11:13:47.046Z] CLI Version:   6.2.2
[debug] [2019-01-07T11:13:47.046Z] Platform:      darwin
[debug] [2019-01-07T11:13:47.046Z] Node Version:  v11.1.0
[debug] [2019-01-07T11:13:47.060Z] Time:          Mon Jan 07 2019 09:13:47 GMT-0200 (Horário de Verão de Brasília)
[debug] [2019-01-07T11:13:47.060Z] ----------------------------------------------------------------------
[debug] 
[debug] [2019-01-07T11:13:47.087Z] > command requires scopes: ["email","openid","https://www.googleapis.com/auth/cloudplatformprojects.readonly","https://www.googleapis.com/auth/firebase","https://www.googleapis.com/auth/cloud-platform"]
[debug] [2019-01-07T11:13:47.087Z] > authorizing via signed-in user
[debug] [2019-01-07T11:13:47.087Z] [iam] checking project react-pomodoro-2018 for permissions ["firebase.projects.get"]
[debug] [2019-01-07T11:13:47.090Z] > refreshing access token with scopes: ["email","https://www.googleapis.com/auth/cloud-platform","https://www.googleapis.com/auth/cloudplatformprojects.readonly","https://www.googleapis.com/auth/firebase","openid"]
[debug] [2019-01-07T11:13:47.091Z] >>> HTTP REQUEST POST https://www.googleapis.com/oauth2/v3/token  
 <request body omitted>
[debug] [2019-01-07T11:13:47.520Z] <<< HTTP RESPONSE 200
[debug] [2019-01-07T11:13:47.537Z] >>> HTTP REQUEST POST https://cloudresourcemanager.googleapis.com/v1/projects/react-pomodoro-2018:testIamPermissions  

[debug] [2019-01-07T11:13:48.677Z] <<< HTTP RESPONSE 200
[debug] [2019-01-07T11:13:48.679Z] >>> HTTP REQUEST GET https://cloudresourcemanager.googleapis.com/v1/projects/react-pomodoro-2018  
 
[debug] [2019-01-07T11:13:49.928Z] <<< HTTP RESPONSE 200
[info] 
[info] === Serving from '/Users/filipemerker/Desktop/projects/personal/react-pomodoro'...
[info] 
[info] i  functions: Preparing to emulate functions.
[debug] [2019-01-07T11:13:51.131Z] Fetching environment
[debug] [2019-01-07T11:13:51.134Z] >>> HTTP REQUEST GET https://mobilesdk-pa.googleapis.com/v1/projects/445613158447:getServerAppConfig  
 
[debug] [2019-01-07T11:13:52.636Z] <<< HTTP RESPONSE 200
[debug] [2019-01-07T11:13:52.637Z] Starting @google-cloud/functions-emulator
[debug] [2019-01-07T11:13:55.230Z] Parsing function triggers
[info] ✔  functions: app: http://localhost:5000/react-pomodoro-2018/us-central1/app
